2024/05/22 20:02:32 INFO  : 09-29-2023_01_55_46_PM_Billing_Report.csv: Copied (new)
2024/05/22 20:02:32 INFO  : 09-29-2023_01_56_59_PM_Billing_Report.csv: Copied (new)
2024/05/22 20:02:32 INFO  : 04-11-2023_01_43_02_PM_Billing_Report.csv: Copied (new)
2024/05/22 20:02:32 INFO  : 04-11-2023_01_43_17_PM_Billing_Report.csv: Copied (new)
2024/05/22 20:02:32 INFO  : 01-10-2024_03_19_10_PM_Billing_Report.csv: Copied (new)
2024/05/22 20:02:32 INFO  : 02-01-2024_01_39_02_PM_Billing_Report.csv: Copied (new)
2024/05/22 20:02:32 INFO  : 03-27-2023_04_00_35_PM_Billing_Report.csv: Copied (new)
2024/05/22 20:02:32 INFO  : 09-29-2023_01_56_35_PM_Billing_Report.csv: Copied (new)
2024/05/22 20:02:32 INFO  : 09-29-2023_01_56_21_PM_Billing_Report.csv: Copied (new)
2024/05/22 20:02:32 INFO  : 10-05-2023_10_20_20_AM_Billing_Report.csv: Copied (new)
2024/05/22 20:02:32 INFO  : 10-10-2023_02_54_52_PM_Billing_Report.csv: Copied (new)
2024/05/22 20:02:32 INFO  : 11-03-2023_12_37_19_PM_Billing_Report.csv: Copied (new)
2024/05/22 20:02:32 INFO  : 10-25-2023_04_37_42_PM_Billing_Report.csv: Copied (new)
2024/05/22 20:02:32 INFO  : 10-10-2023_03_09_35_PM_Billing_Report.csv: Copied (new)
2024/05/22 20:02:32 INFO  : 10-25-2023_04_38_12_PM_Billing_Report.csv: Copied (new)
2024/05/22 20:02:32 INFO  : 10-10-2023_03_10_11_PM_Billing_Report.csv: Copied (new)
2024/05/22 20:02:32 INFO  : 1408396205599_dash.pdf: Copied (new)
2024/05/22 20:02:32 INFO  : 1409326574402_dash.pdf: Copied (new)
2024/05/22 20:02:32 INFO  : 1409327110898_dash.pdf: Copied (new)
2024/05/22 20:02:32 INFO  : 1409060086992_dash.pdf: Copied (new)
2024/05/22 20:02:32 INFO  : 1409179289733_dash.pdf: Copied (new)
2024/05/22 20:02:32 INFO  : 1409327161078_dash.pdf: Copied (new)
2024/05/22 20:02:32 INFO  : 1409666058981_dash.pdf: Copied (new)
2024/05/22 20:02:32 INFO  : 1409839591453_dash.pdf: Copied (new)
2024/05/22 20:02:32 INFO  : 1465927543813_Credential_byUser_report.pdf: Copied (new)
2024/05/22 20:02:32 INFO  : 1489080309897_Credential_byUser_report.pdf: Copied (new)
2024/05/22 20:02:32 INFO  : 1488997609287_Credential_byHospital_report.pdf: Copied (new)
2024/05/22 20:02:32 INFO  : 1493125035085_client_chats.csv: Copied (new)
2024/05/22 20:02:32 INFO  : 1480605643824_Credential_byUser_report.pdf: Copied (new)
2024/05/22 20:02:32 INFO  : 1507753001049_Credential_byUser_report.pdf: Copied (new)
2024/05/22 20:02:32 INFO  : 1507752992929_Credential_byUser_report.pdf: Copied (new)
2024/05/22 20:02:32 INFO  : 1480782444830_hospitalrep.csv: Copied (new)
2024/05/22 20:02:32 INFO  : 07-06-2023_03_48_22_PM_Billing_Report.csv: Copied (new)
2024/05/22 20:02:32 INFO  : 1446041392298_client_chats.csv: Copied (new)
2024/05/22 20:02:32 INFO  : 1500727234244_Credential_byHospital_report.pdf: Copied (new)
2024/05/22 20:02:32 INFO  : 1446041370620_client_chats.csv: Copied (new)
2024/05/22 20:02:32 INFO  : 1517335098667_rton.Rosa.01.29.18.NTNL.NTNL.RS.pdf: Copied (new)
2024/05/22 20:02:32 INFO  : 1480782457739_hospitalrep.csv: Copied (new)
2024/05/22 20:02:32 INFO  : 01-11-2023_05_34_57_PM_Billing_Report.csv: Copied (new)
2024/05/22 20:02:32 INFO  : 1654542304098credentialing_byuser2.pdf: Copied (new)
2024/05/22 20:02:32 INFO  : 1507752779015_Credential_byUser_report.pdf: Copied (new)
2024/05/22 20:02:32 INFO  : 07-06-2023_03_49_21_PM_Billing_Report.csv: Copied (new)
2024/05/22 20:02:32 INFO  : 1512579916109_Credential_byUser_report.pdf: Copied (new)
2024/05/22 20:02:32 INFO  : 1507753005908_Credential_byUser_report.pdf: Copied (new)
2024/05/22 20:02:32 INFO  : 02-22-2024_08_11_29_PM_Billing_Report.csv: Copied (new)
2024/05/22 20:02:32 INFO  : 1558544970553_Credential_byHospital_report.pdf: Copied (new)
2024/05/22 20:02:33 INFO  : 1530729645956_Credential_byUser_report.pdf: Copied (new)
2024/05/22 20:02:33 INFO  : 1530729650671_Credential_byHospital_report.pdf: Copied (new)
2024/05/22 20:02:33 INFO  : 1666377370961 _Billing_Report.csv: Copied (new)
2024/05/22 20:02:33 INFO  : 16717461847601671746184760Surgeon_custom_reports_payments_report.csv: Copied (new)
2024/05/22 20:02:33 INFO  : 16717268742411671726874241Surgeon_custom_reports_payments_report.xls: Copied (new)
2024/05/22 20:02:33 INFO  : 16738296565881673829656588Surgeon_custom_reports_payments_report.csv: Copied (new)
2024/05/22 20:02:33 INFO  : 1660256777275_Credential_byUser_report.csv: Copied (new)
2024/05/22 20:02:33 INFO  : 16744183478721674418347872Surgeon_custom_reports_payments_report.csv: Copied (new)
2024/05/22 20:02:33 INFO  : 16748342299231674834229923Surgeon_custom_reports_payments_report.csv: Copied (new)
2024/05/22 20:02:33 INFO  : 16746086040931674608604093Surgeon_custom_reports_payments_report.csv: Copied (new)
2024/05/22 20:02:33 INFO  : 16746118018861674611801886Surgeon_custom_reports_payments_report.csv: Copied (new)
2024/05/22 20:02:33 INFO  : 16748342382051674834238205Surgeon_custom_reports_payments_report.csv: Copied (new)
2024/05/22 20:02:33 INFO  : 16717461624291671746162429Surgeon_custom_reports_payments_report.xls: Copied (new)
2024/05/22 20:02:33 INFO  : 16744183968901674418396890Surgeon_custom_reports_payments_report.csv: Copied (new)
2024/05/22 20:02:33 INFO  : 1558544902125_Credential_byUser_report.xls: Copied (new)
2024/05/22 20:02:33 INFO  : 16752033386381675203338638Surgeon_custom_reports_payments_report.csv: Copied (new)
2024/05/22 20:02:33 INFO  : 1683191796371_Credential_byUser_report.csv: Copied (new)
2024/05/22 20:02:33 INFO  : 1655496275670credentialing_byuser2.pdf: Copied (new)
2024/05/22 20:02:33 INFO  : 16844245156081_2209815.2429838.pdf: Copied (new)
2024/05/22 20:02:33 INFO  : 16844244814421_2209815.2429839_tech.pdf: Copied (new)
2024/05/22 20:02:33 INFO  : 16738296462531673829646253Surgeon_custom_reports_payments_report.xls: Copied (new)
2024/05/22 20:02:33 INFO  : 16849395501641_No_post_op_deficits..txt: Copied (new)
2024/05/22 20:02:33 INFO  : 17017200667741701720066774Surgeon_custom_reports_payments_report.csv: Copied (new)
2024/05/22 20:02:33 INFO  : 1684330728107_sentation_letter_austin_wallace.pdf: Copied (new)
2024/05/22 20:02:33 INFO  : 17001680526011700168052601Surgeon_custom_reports_payments_report.csv: Copied (new)
2024/05/22 20:02:33 INFO  : 17047488440921704748844092Surgeon_custom_reports_payments_report.csv: Copied (new)
2024/05/22 20:02:33 INFO  : 1684330687159_sentation_letter_austin_wallace.pdf: Copied (new)
2024/05/22 20:02:33 INFO  : cptrules3300_1486677127438.pdf: Copied (new)
2024/05/22 20:02:33 INFO  : 1684330816027_sentation_letter_austin_wallace.pdf: Copied (new)
2024/05/22 20:02:33 INFO  : 1684330897638_sentation_letter_austin_wallace.pdf: Copied (new)
2024/05/22 20:02:33 INFO  : 16843474453961_p_Vibrant_Medical_EEG_EMG_Blues.png: Copied (new)
2024/05/22 20:02:33 INFO  : cptrules3300_1518459003389.pdf: Copied (new)
2024/05/22 20:02:33 INFO  : cptrules3300_1622754264495.pdf: Copied (new)
2024/05/22 20:02:33 INFO  : 1684330625964_sentation_letter_austin_wallace.pdf: Copied (new)
2024/05/22 20:02:33 INFO  : 1705704971714Productivity_Report.csv: Copied (new)
2024/05/22 20:02:33 INFO  : cptrules3300_1545325994431.pdf: Copied (new)
2024/05/22 20:02:33 INFO  : cptrules3300_1544717684026.pdf: Copied (new)
2024/05/22 20:02:33 INFO  : cptrules3300_1540310893652.pdf: Copied (new)
2024/05/22 20:02:33 INFO  : cptrules3300_1625175129278.pdf: Copied (new)
2024/05/22 20:02:33 INFO  : cptrules3300_1544717706913.pdf: Copied (new)
2024/05/22 20:02:33 INFO  : cptrules3300_1627314221017.pdf: Copied (new)
2024/05/22 20:02:33 INFO  : cptrules3300_1625753343575.pdf: Copied (new)
2024/05/22 20:02:33 INFO  : pto/1513342126318_4755463_ExternalInsuranceCodes.xlsx: Copied (new)
2024/05/22 20:02:33 INFO  : pto/1569928043195_EthanStone_Accounts_08.31.19.xlsx: Copied (new)
2024/05/22 20:02:33 INFO  : pto/16492645841821_8861012_USMON_PID_Closure_list.xlsx: Copied (new)
2024/05/22 20:02:33 INFO  : pto/16806338102721_py_of_4_23_Charge_Master_final.xlsx: Copied (new)
2024/05/22 20:02:33 INFO  : pto/1551547516003_Book1.xlsx: Copied (new)
2024/05/22 20:02:33 INFO  : pto/1542136238005_USMON_Case_Assignment_Change.xlsx: Copied (new)
2024/05/22 20:02:33 INFO  : pto/17159676705621_Cases_to_Transfer_5.1.24.xlsx: Copied (new)
2024/05/22 20:02:33 INFO  : era/1591035320550_.20200518.191823765.ERA.835_1.edi: Copied (new)
2024/05/22 20:02:33 INFO  : pto/16806339296341_py_of_4_23_Charge_Master_final.xlsx: Copied (new)
2024/05/22 20:02:33 INFO  : pto/1541781251003_AR_Report_Nov_6_2018_NEW_cases.xlsx: Copied (new)
2024/05/22 20:02:33 INFO  : pto/16677695555841_codes.xlsx: Copied (new)
2024/05/22 20:02:33 INFO  : era/1591035391960_.20200518.191823765.ERA.835_1.edi: Copied (new)
2024/05/22 20:02:33 INFO  : era/1591210718779_Texas359986549C20153E16016010.835: Copied (new)
2024/05/22 20:02:33 INFO  : pto/17140587670161_8661_Cases_to_Transfer_4.24.24.xlsx: Copied (new)
2024/05/22 20:02:33 INFO  : era/1591210886939_40333.Downloads.20200603.030030.zip: Copied (new)
2024/05/22 20:02:33 INFO  : era/1591643726898_.20200518.191823765.ERA.835_2.edi: Copied (new)
2024/05/22 20:02:33 INFO  : era/1591706710344_40333.Downloads.20200609.084355.zip: Copied (new)
2024/05/22 20:02:33 INFO  : 02-15-2023_04_42_08_PM_Billing_Report.csv: Copied (new)
2024/05/22 20:02:33 INFO  : era/1591643186806_.20200518.191823765.ERA.835_2.edi: Copied (new)
2024/05/22 20:02:33 INFO  : era/1591709128739__Equitable361405425170764598.835: Copied (new)
2024/05/22 20:02:33 INFO  : era/1591706913938_0333.20200303.035746735.ERA.835.pdf: Copied (new)
2024/05/22 20:02:33 INFO  : pto/1424466855336_cpt_example.xlsx: Copied (new)
2024/05/22 20:02:33 INFO  : era/1591712252191_Healthcare361359688TV11070389.835: Copied (new)
2024/05/22 20:02:33 INFO  : era/1591712218357_920161000574067.835: Copied (new)
2024/05/22 20:02:33 INFO  : era/1591712173400_Aetna361446934920161000574067.835: Copied (new)
2024/05/22 20:02:33 INFO  : era/1591712313946_Healthcare361359688TV11070389.835: Copied (new)
2024/05/22 20:02:33 INFO  : era/1591714176295_920161000574067.835: Copied (new)
2024/05/22 20:02:33 INFO  : era/1591719779439_40530.Downloads.20200609.122201.zip: Copied (new)
2024/05/22 20:02:33 INFO  : era/1591719931906_05162020180306129_62308.txt: Copied (new)
2024/05/22 20:02:33 INFO  : era/1592244888557_9652012698385_20200612_0074516.835: Copied (new)
2024/05/22 20:02:33 INFO  : era/1593179045555_Aetna356839397820139000104144.835: Copied (new)
2024/05/22 20:02:33 INFO  : era/1591721093264_05302020181642119_62308.txt: Copied (new)
2024/05/22 20:02:33 INFO  : era/1594140758723_Aetna364728379820176000181793.835: Copied (new)
2024/05/22 20:02:33 INFO  : era/1593455668930_Aetna364728379820176000181793.835: Copied (new)
2024/05/22 20:02:33 INFO  : era/1597343428722_a364728379820176000181793_2.835: Copied (new)
2024/05/22 20:02:33 INFO  : era/1593179144082_Aetna356839397820139000104144.835: Copied (new)
2024/05/22 20:02:33 INFO  : era/1591721413780_Aetna361446934920161000574067.835: Copied (new)
2024/05/22 20:02:33 INFO  : era/1597679696307_Texas376456358C20226E29667050.835: Copied (new)
2024/05/22 20:02:33 INFO  : era/1597436870326_05252020181062468_60054.txt: Copied (new)
2024/05/22 20:02:33 INFO  : era/1597346438669_05252020181062468_60054.txt: Copied (new)
2024/05/22 20:02:33 INFO  : era/1597679773265_Texas376455745C20226E29667060.835: Copied (new)
2024/05/22 20:02:33 INFO  : era/1599066552623_752806997_ERA_835_5010_20200831.835: Copied (new)
2024/05/22 20:02:33 INFO  : era/1597679933555_Aetna375757007820225000396994.835: Copied (new)
2024/05/22 20:02:33 INFO  : era/1599066594028_na3807385838202460002638661.835: Copied (new)
2024/05/22 20:02:33 INFO  : era/1599856602319_quitable38249483500001820191.835: Copied (new)
2024/05/22 20:02:33 INFO  : era/1599856617138_Healthcare382465021TW09055849.835: Copied (new)
2024/05/22 20:02:33 INFO  : era/1599856625493_Healthcare382465021TW09055849.835: Copied (new)
2024/05/22 20:02:33 INFO  : era/1599856669757_Healthcare382465056WO10007059.835: Copied (new)
2024/05/22 20:02:33 INFO  : era/1599856680969_Aetna382545560820254000212982.835: Copied (new)
2024/05/22 20:02:33 INFO  : era/1599856630793_LTI_PAYMENTIDMULTI_TRACENUMBER.835: Copied (new)
2024/05/22 20:02:33 INFO  : era/1599856774804_Aetna382181751820253000293744.835: Copied (new)
2024/05/22 20:02:33 INFO  : era/1599856751895_Aetna38217900608333005786079.835: Copied (new)
2024/05/22 20:02:33 INFO  : era/1600098422833_Aetna382181751820253000293744.835: Copied (new)
2024/05/22 20:02:33 INFO  : era/1600961877007_386220_ERA_835_5010_202009051.835: Copied (new)
2024/05/22 20:02:33 INFO  : era/1600962071632_754386220_ERA_835_5010_20200905.835: Copied (new)
2024/05/22 20:02:33 INFO  : era/1600267891013_Aetna38217900608333005786079.835: Copied (new)
2024/05/22 20:02:33 INFO  : era/1600098556736_Aetna382181751820253000293744.835: Copied (new)
2024/05/22 20:02:33 INFO  : era/1600098539099_Aetna38217900608333005786079.835: Copied (new)
2024/05/22 20:02:33 INFO  : era/1600098412797_Aetna38217900608333005786079.835: Copied (new)
2024/05/22 20:02:33 INFO  : era/1599856759147_Aetna382181428820253000290090.835: Copied (new)
2024/05/22 20:02:33 INFO  : era/1600962090214_1564962609.dat: Copied (new)
2024/05/22 20:02:33 INFO  : era/1611778953314_Healthcare415145045TV13576107.835: Copied (new)
2024/05/22 20:02:33 INFO  : era/1611779040071_Healthcare415145045TV13576107.835: Copied (new)
2024/05/22 20:02:33 INFO  : era/1600961962918_754386220_ERA_835_5010_20200905.835: Copied (new)
2024/05/22 20:02:33 INFO  : era/1600962080069_753273112_ERA_835_5010_20200902.835: Copied (new)
2024/05/22 20:02:33 INFO  : era/1611779143364_ealthcare4151432901TR75749402.835: Copied (new)
2024/05/22 20:02:33 INFO  : era/1611779132137_ealthcare4151432901TR75749402.835: Copied (new)
2024/05/22 20:02:34 INFO  : era/1611779157430_ealthcare4151432901TR75749402.835: Copied (new)
2024/05/22 20:02:34 INFO  : era/16420856205611_878531676_ERA_835_5010_20211005.835: Copied (new)
2024/05/22 20:02:34 INFO  : era/16420856050911_860260864_ERA_835_5010_20210810.835: Copied (new)
2024/05/22 20:02:34 INFO  : era/1611779199672_Healthcare415143210TV13574301.835: Copied (new)
2024/05/22 20:02:34 INFO  : era/16420856108451_860260864_ERA_835_5010_20210810.835: Copied (new)
2024/05/22 20:02:34 INFO  : era/16420856154321_858002161_ERA_835_5010_20210803.835: Copied (new)
2024/05/22 20:02:34 INFO  : era/1611779183062_40333.Downloads.20210127.032440.zip: Copied (new)
2024/05/22 20:02:34 INFO  : era/1615404870840_615753749.dat: Copied (new)
2024/05/22 20:02:35 INFO  : 02-15-2023_04_41_45_PM_Billing_Report.csv: Copied (new)
2024/05/22 20:02:36 INFO  : 08-10-2023_08_20_31_AM_Billing_Report.csv: Copied (new)
2024/05/22 20:02:36 INFO  : 
Transferred:   	  182.172 MiB / 182.172 MiB, 100%, 44.498 MiB/s, ETA 0s
Transferred:          165 / 165, 100%
Elapsed time:         5.5s

