2024/05/22 20:02:26 INFO  : 01-02-2024_12_07_03_PM_Billing_Report.csv: Copied (new)
2024/05/22 20:02:26 INFO  : 01-05-2023_10_39_30_PM_Billing_Report.csv: Copied (new)
2024/05/22 20:02:26 INFO  : 01-03-2023_10_38_42_PM_Billing_Report.csv: Copied (new)
2024/05/22 20:02:26 INFO  : 01-03-2023_10_39_05_PM_Billing_Report.csv: Copied (new)
2024/05/22 20:02:26 INFO  : 01-05-2023_10_39_13_PM_Billing_Report.csv: Copied (new)
2024/05/22 20:02:26 INFO  : 01-02-2024_12_08_06_PM_Billing_Report.csv: Copied (new)
2024/05/22 20:02:26 INFO  : 01-06-2023_02_55_40_PM_Billing_Report.csv: Copied (new)
2024/05/22 20:02:26 INFO  : 01-03-2023_06_52_21_PM_Billing_Report.csv: Copied (new)
2024/05/22 20:02:26 INFO  : 01-03-2023_07_12_13_PM_Billing_Report.csv: Copied (new)
2024/05/22 20:02:26 INFO  : 01-03-2023_06_14_26_PM_Billing_Report.csv: Copied (new)
2024/05/22 20:02:26 INFO  : 01-20-2023_03_40_23_PM_Billing_Report.csv: Copied (new)
2024/05/22 20:02:26 INFO  : 01-19-2023_11_33_18_PM_Billing_Report.csv: Copied (new)
2024/05/22 20:02:26 INFO  : 01-03-2023_07_03_51_PM_Billing_Report.csv: Copied (new)
2024/05/22 20:02:26 INFO  : 01-03-2023_07_23_15_PM_Billing_Report.csv: Copied (new)
2024/05/22 20:02:26 INFO  : 01-19-2023_06_19_05_PM_Billing_Report.csv: Copied (new)
2024/05/22 20:02:26 INFO  : 01-02-2024_12_58_16_PM_Billing_Report.csv: Copied (new)
2024/05/22 20:02:26 INFO  : 01-19-2023_11_33_53_PM_Billing_Report.csv: Copied (new)
2024/05/22 20:02:26 INFO  : 01-20-2023_03_40_44_PM_Billing_Report.csv: Copied (new)
2024/05/22 20:02:26 INFO  : 01-26-2023_04_18_29_PM_Billing_Report.csv: Copied (new)
2024/05/22 20:02:26 INFO  : 01-25-2023_03_35_00_PM_Billing_Report.csv: Copied (new)
2024/05/22 20:02:26 INFO  : 01-25-2023_03_35_57_PM_Billing_Report.csv: Copied (new)
2024/05/22 20:02:26 INFO  : 01-26-2023_06_22_38_PM_Billing_Report.csv: Copied (new)
2024/05/22 20:02:26 INFO  : 01-03-2023_06_17_17_PM_Billing_Report.csv: Copied (new)
2024/05/22 20:02:26 INFO  : 01-26-2023_04_18_57_PM_Billing_Report.csv: Copied (new)
2024/05/22 20:02:26 INFO  : 01-26-2023_06_29_46_PM_Billing_Report.csv: Copied (new)
2024/05/22 20:02:26 INFO  : 01-26-2023_06_29_52_PM_Billing_Report.csv: Copied (new)
2024/05/22 20:02:26 INFO  : 01-25-2023_03_55_48_PM_Billing_Report.csv: Copied (new)
2024/05/22 20:02:26 INFO  : 01-03-2023_07_15_54_PM_Billing_Report.csv: Copied (new)
2024/05/22 20:02:26 INFO  : 01-27-2023_04_24_00_PM_Billing_Report.csv: Copied (new)
2024/05/22 20:02:26 INFO  : 01-30-2023_04_01_25_PM_Billing_Report.csv: Copied (new)
2024/05/22 20:02:26 INFO  : 01-31-2023_03_25_06_PM_Billing_Report.csv: Copied (new)
2024/05/22 20:02:26 INFO  : 01-29-2024_01_03_12_PM_Billing_Report.csv: Copied (new)
2024/05/22 20:02:26 INFO  : 02-01-2024_03_01_45_PM_Billing_Report.csv: Copied (new)
2024/05/22 20:02:26 INFO  : 01-31-2023_10_03_23_PM_Billing_Report.csv: Copied (new)
2024/05/22 20:02:26 INFO  : 02-01-2024_03_01_13_PM_Billing_Report.csv: Copied (new)
2024/05/22 20:02:26 INFO  : 01-30-2023_10_48_16_PM_Billing_Report.csv: Copied (new)
2024/05/22 20:02:26 INFO  : 01-31-2023_09_06_33_PM_Billing_Report.csv: Copied (new)
2024/05/22 20:02:26 INFO  : 02-02-2023_04_33_29_PM_Billing_Report.csv: Copied (new)
2024/05/22 20:02:26 INFO  : 02-02-2023_06_46_11_PM_Billing_Report.csv: Copied (new)
2024/05/22 20:02:26 INFO  : 02-02-2023_04_33_19_PM_Billing_Report.csv: Copied (new)
2024/05/22 20:02:26 INFO  : 01-05-2024_04_09_36_PM_Billing_Report.csv: Copied (new)
2024/05/22 20:02:26 INFO  : 01-30-2023_09_02_49_PM_Billing_Report.csv: Copied (new)
2024/05/22 20:02:26 INFO  : 02-05-2024_12_30_52_PM_Billing_Report.csv: Copied (new)
2024/05/22 20:02:26 INFO  : 02-05-2024_01_41_13_PM_Billing_Report.csv: Copied (new)
2024/05/22 20:02:26 INFO  : 01-24-2023_03_02_53_PM_Billing_Report.csv: Copied (new)
2024/05/22 20:02:26 INFO  : 02-09-2023_03_55_15_PM_Billing_Report.csv: Copied (new)
2024/05/22 20:02:26 INFO  : 02-05-2024_04_26_22_PM_Billing_Report.csv: Copied (new)
2024/05/22 20:02:26 INFO  : 02-09-2023_04_57_28_PM_Billing_Report.csv: Copied (new)
2024/05/22 20:02:26 INFO  : 02-08-2024_01_07_32_PM_Billing_Report.csv: Copied (new)
2024/05/22 20:02:26 INFO  : 02-09-2023_04_58_27_PM_Billing_Report.csv: Copied (new)
2024/05/22 20:02:26 INFO  : 02-08-2024_10_50_20_AM_Billing_Report.csv: Copied (new)
2024/05/22 20:02:26 INFO  : 02-09-2023_07_15_41_PM_Billing_Report.csv: Copied (new)
2024/05/22 20:02:26 INFO  : 02-09-2023_05_00_24_PM_Billing_Report.csv: Copied (new)
2024/05/22 20:02:26 INFO  : 02-02-2023_04_31_32_PM_Billing_Report.csv: Copied (new)
2024/05/22 20:02:26 INFO  : 02-09-2023_05_05_11_PM_Billing_Report.csv: Copied (new)
2024/05/22 20:02:26 INFO  : 02-08-2024_11_54_26_AM_Billing_Report.csv: Copied (new)
2024/05/22 20:02:26 INFO  : 02-08-2024_12_13_48_PM_Billing_Report.csv: Copied (new)
2024/05/22 20:02:26 INFO  : 02-09-2023_07_25_31_PM_Billing_Report.csv: Copied (new)
2024/05/22 20:02:26 INFO  : 02-09-2024_06_17_34_PM_Billing_Report.csv: Copied (new)
2024/05/22 20:02:26 INFO  : 02-08-2024_01_00_09_PM_Billing_Report.csv: Copied (new)
2024/05/22 20:02:26 INFO  : 02-09-2023_06_05_34_PM_Billing_Report.csv: Copied (new)
2024/05/22 20:02:26 INFO  : 01-05-2024_04_02_06_PM_Billing_Report.csv: Copied (new)
2024/05/22 20:02:26 INFO  : 02-09-2024_06_20_08_PM_Billing_Report.csv: Copied (new)
2024/05/22 20:02:26 INFO  : 02-10-2023_04_33_06_PM_Billing_Report.csv: Copied (new)
2024/05/22 20:02:26 INFO  : 02-16-2024_10_45_31_AM_Billing_Report.csv: Copied (new)
2024/05/22 20:02:26 INFO  : 02-08-2024_01_11_31_PM_Billing_Report.csv: Copied (new)
2024/05/22 20:02:26 INFO  : 02-16-2024_10_47_07_AM_Billing_Report.csv: Copied (new)
2024/05/22 20:02:27 INFO  : 02-24-2023_04_57_44_PM_Billing_Report.csv: Copied (new)
2024/05/22 20:02:27 INFO  : 02-20-2023_11_30_04_AM_Billing_Report.csv: Copied (new)
2024/05/22 20:02:27 INFO  : 02-16-2023_03_30_58_PM_Billing_Report.csv: Copied (new)
2024/05/22 20:02:27 INFO  : 02-23-2024_11_13_44_AM_Billing_Report.csv: Copied (new)
2024/05/22 20:02:27 INFO  : 02-28-2023_11_51_13_AM_Billing_Report.csv: Copied (new)
2024/05/22 20:02:27 INFO  : 02-26-2024_11_52_55_AM_Billing_Report.csv: Copied (new)
2024/05/22 20:02:27 INFO  : 02-24-2023_11_23_42_AM_Billing_Report.csv: Copied (new)
2024/05/22 20:02:27 INFO  : 02-27-2023_09_42_41_AM_Billing_Report.csv: Copied (new)
2024/05/22 20:02:27 INFO  : 02-09-2024_06_25_49_PM_Billing_Report.csv: Copied (new)
2024/05/22 20:02:27 INFO  : 02-09-2024_05_46_25_PM_Billing_Report.csv: Copied (new)
2024/05/22 20:02:27 INFO  : 02-09-2024_06_22_53_PM_Billing_Report.csv: Copied (new)
2024/05/22 20:02:27 INFO  : 03-01-2024_11_04_16_AM_Billing_Report.csv: Copied (new)
2024/05/22 20:02:27 INFO  : 02-29-2024_03_57_27_PM_Billing_Report.csv: Copied (new)
2024/05/22 20:02:27 INFO  : 03-01-2024_11_08_16_AM_Billing_Report.csv: Copied (new)
2024/05/22 20:02:27 INFO  : 03-01-2024_11_06_37_AM_Billing_Report.csv: Copied (new)
2024/05/22 20:02:27 INFO  : 03-02-2023_04_41_53_PM_Billing_Report.csv: Copied (new)
2024/05/22 20:02:27 INFO  : 03-02-2023_04_23_27_PM_Billing_Report.csv: Copied (new)
2024/05/22 20:02:27 INFO  : 03-01-2024_11_12_02_AM_Billing_Report.csv: Copied (new)
2024/05/22 20:02:27 INFO  : 03-04-2024_11_16_39_AM_Billing_Report.csv: Copied (new)
2024/05/22 20:02:27 INFO  : 03-04-2024_11_49_32_AM_Billing_Report.csv: Copied (new)
2024/05/22 20:02:27 INFO  : 03-02-2023_04_25_03_PM_Billing_Report.csv: Copied (new)
2024/05/22 20:02:27 INFO  : 03-04-2024_03_39_43_PM_Billing_Report.csv: Copied (new)
2024/05/22 20:02:27 INFO  : 02-24-2023_09_29_06_AM_Billing_Report.csv: Copied (new)
2024/05/22 20:02:27 INFO  : 03-04-2024_03_38_57_PM_Billing_Report.csv: Copied (new)
2024/05/22 20:02:27 INFO  : 03-08-2023_12_53_20_PM_Billing_Report.csv: Copied (new)
2024/05/22 20:02:27 INFO  : 03-04-2024_04_46_03_PM_Billing_Report.csv: Copied (new)
2024/05/22 20:02:27 INFO  : 03-08-2023_12_52_44_PM_Billing_Report.csv: Copied (new)
2024/05/22 20:02:27 INFO  : 03-08-2023_12_53_55_PM_Billing_Report.csv: Copied (new)
2024/05/22 20:02:27 INFO  : 03-08-2023_12_54_07_PM_Billing_Report.csv: Copied (new)
2024/05/22 20:02:27 INFO  : 03-04-2024_11_17_15_AM_Billing_Report.csv: Copied (new)
2024/05/22 20:02:27 INFO  : 03-17-2023_04_54_05_PM_Billing_Report.csv: Copied (new)
2024/05/22 20:02:27 INFO  : 02-20-2023_05_28_42_PM_Billing_Report.csv: Copied (new)
2024/05/22 20:02:27 INFO  : 03-17-2023_04_45_51_PM_Billing_Report.csv: Copied (new)
2024/05/22 20:02:27 INFO  : 03-13-2023_05_56_03_PM_Billing_Report.csv: Copied (new)
2024/05/22 20:02:27 INFO  : 03-17-2023_06_00_20_PM_Billing_Report.csv: Copied (new)
2024/05/22 20:02:27 INFO  : 03-13-2023_11_18_30_AM_Billing_Report.csv: Copied (new)
2024/05/22 20:02:27 INFO  : 03-24-2023_10_30_52_AM_Billing_Report.csv: Copied (new)
2024/05/22 20:02:27 INFO  : 03-17-2023_04_56_53_PM_Billing_Report.csv: Copied (new)
2024/05/22 20:02:27 INFO  : 03-15-2023_11_40_27_AM_Billing_Report.csv: Copied (new)
2024/05/22 20:02:27 INFO  : 03-24-2023_11_10_53_AM_Billing_Report.csv: Copied (new)
2024/05/22 20:02:27 INFO  : 03-27-2023_12_04_53_PM_Billing_Report.csv: Copied (new)
2024/05/22 20:02:27 INFO  : 03-17-2023_06_01_02_PM_Billing_Report.csv: Copied (new)
2024/05/22 20:02:27 INFO  : 03-29-2024_12_58_17_PM_Billing_Report.csv: Copied (new)
2024/05/22 20:02:27 INFO  : 02-20-2023_12_34_30_PM_Billing_Report.csv: Copied (new)
2024/05/22 20:02:27 INFO  : 04-02-2024_10_41_52_AM_Billing_Report.csv: Copied (new)
2024/05/22 20:02:27 INFO  : 04-03-2024_01_05_36_PM_Billing_Report.csv: Copied (new)
2024/05/22 20:02:27 INFO  : 04-03-2024_01_11_22_PM_Billing_Report.csv: Copied (new)
2024/05/22 20:02:27 INFO  : 03-31-2023_02_20_30_PM_Billing_Report.csv: Copied (new)
2024/05/22 20:02:27 INFO  : 03-31-2023_02_04_48_PM_Billing_Report.csv: Copied (new)
2024/05/22 20:02:27 INFO  : 04-02-2024_10_41_09_AM_Billing_Report.csv: Copied (new)
2024/05/22 20:02:27 INFO  : 04-01-2024_03_59_39_PM_Billing_Report.csv: Copied (new)
2024/05/22 20:02:27 INFO  : 04-03-2023_04_32_30_PM_Billing_Report.csv: Copied (new)
2024/05/22 20:02:27 INFO  : 04-02-2024_11_10_04_AM_Billing_Report.csv: Copied (new)
2024/05/22 20:02:27 INFO  : 04-03-2024_12_45_17_PM_Billing_Report.csv: Copied (new)
2024/05/22 20:02:27 INFO  : 04-03-2023_04_33_59_PM_Billing_Report.csv: Copied (new)
2024/05/22 20:02:27 INFO  : 04-03-2023_04_48_28_PM_Billing_Report.csv: Copied (new)
2024/05/22 20:02:27 INFO  : 04-05-2024_02_31_58_PM_Billing_Report.csv: Copied (new)
2024/05/22 20:02:27 INFO  : 04-03-2024_12_49_43_PM_Billing_Report.csv: Copied (new)
2024/05/22 20:02:27 INFO  : 03-13-2023_10_42_32_AM_Billing_Report.csv: Copied (new)
2024/05/22 20:02:27 INFO  : 04-14-2023_12_43_01_PM_Billing_Report.csv: Copied (new)
2024/05/22 20:02:27 INFO  : 04-20-2023_09_43_44_AM_Billing_Report.csv: Copied (new)
2024/05/22 20:02:27 INFO  : 04-24-2023_01_45_58_PM_Billing_Report.csv: Copied (new)
2024/05/22 20:02:27 INFO  : 03-06-2023_01_04_20_PM_Billing_Report.csv: Copied (new)
2024/05/22 20:02:27 INFO  : 04-15-2024_11_10_05_AM_Billing_Report.csv: Copied (new)
2024/05/22 20:02:27 INFO  : 04-17-2024_02_59_04_PM_Billing_Report.csv: Copied (new)
2024/05/22 20:02:27 INFO  : 04-23-2024_03_58_41_PM_Billing_Report.csv: Copied (new)
2024/05/22 20:02:27 INFO  : 04-22-2024_10_58_28_AM_Billing_Report.csv: Copied (new)
2024/05/22 20:02:27 INFO  : 04-24-2023_01_35_07_PM_Billing_Report.csv: Copied (new)
2024/05/22 20:02:27 INFO  : 04-25-2023_11_21_22_AM_Billing_Report.csv: Copied (new)
2024/05/22 20:02:27 INFO  : 04-25-2023_11_24_41_AM_Billing_Report.csv: Copied (new)
2024/05/22 20:02:27 INFO  : 04-24-2024_04_24_15_PM_Billing_Report.csv: Copied (new)
2024/05/22 20:02:27 INFO  : 04-24-2024_04_30_52_PM_Billing_Report.csv: Copied (new)
2024/05/22 20:02:27 INFO  : 04-27-2023_05_32_46_PM_Billing_Report.csv: Copied (new)
2024/05/22 20:02:27 INFO  : 04-25-2023_11_21_40_AM_Billing_Report.csv: Copied (new)
2024/05/22 20:02:27 INFO  : 04-24-2024_04_40_59_PM_Billing_Report.csv: Copied (new)
2024/05/22 20:02:27 INFO  : 04-27-2023_05_50_52_PM_Billing_Report.csv: Copied (new)
2024/05/22 20:02:27 INFO  : 05-02-2023_01_33_10_PM_Billing_Report.csv: Copied (new)
2024/05/22 20:02:27 INFO  : 05-02-2023_03_25_06_PM_Billing_Report.csv: Copied (new)
2024/05/22 20:02:27 INFO  : 04-26-2024_11_33_22_AM_Billing_Report.csv: Copied (new)
2024/05/22 20:02:27 INFO  : 04-24-2024_03_54_27_PM_Billing_Report.csv: Copied (new)
2024/05/22 20:02:27 INFO  : 05-02-2023_03_27_30_PM_Billing_Report.csv: Copied (new)
2024/05/22 20:02:27 INFO  : 04-24-2024_03_54_09_PM_Billing_Report.csv: Copied (new)
2024/05/22 20:02:27 INFO  : 05-02-2023_03_24_10_PM_Billing_Report.csv: Copied (new)
2024/05/22 20:02:27 INFO  : 05-02-2023_12_25_34_PM_Billing_Report.csv: Copied (new)
2024/05/22 20:02:27 INFO  : 05-02-2023_12_26_36_PM_Billing_Report.csv: Copied (new)
2024/05/22 20:02:27 INFO  : 04-24-2024_04_23_50_PM_Billing_Report.csv: Copied (new)
2024/05/22 20:02:27 INFO  : 05-02-2024_01_48_43_PM_Billing_Report.csv: Copied (new)
2024/05/22 20:02:27 INFO  : 05-02-2023_03_25_11_PM_Billing_Report.csv: Copied (new)
2024/05/22 20:02:27 INFO  : 05-03-2023_02_45_04_PM_Billing_Report.csv: Copied (new)
2024/05/22 20:02:27 INFO  : 04-26-2024_02_52_49_PM_Billing_Report.csv: Copied (new)
2024/05/22 20:02:27 INFO  : 05-02-2023_03_32_41_PM_Billing_Report.csv: Copied (new)
2024/05/22 20:02:27 INFO  : 05-02-2024_01_48_10_PM_Billing_Report.csv: Copied (new)
2024/05/22 20:02:27 INFO  : 05-02-2024_11_28_51_AM_Billing_Report.csv: Copied (new)
2024/05/22 20:02:27 INFO  : 05-02-2024_02_12_59_PM_Billing_Report.csv: Copied (new)
2024/05/22 20:02:27 INFO  : 05-04-2023_09_23_50_AM_Billing_Report.csv: Copied (new)
2024/05/22 20:02:27 INFO  : 05-09-2023_05_22_55_PM_Billing_Report.csv: Copied (new)
2024/05/22 20:02:27 INFO  : 05-09-2023_05_29_11_PM_Billing_Report.csv: Copied (new)
2024/05/22 20:02:27 INFO  : 05-04-2023_02_41_01_PM_Billing_Report.csv: Copied (new)
2024/05/22 20:02:27 INFO  : 05-09-2023_03_30_33_PM_Billing_Report.csv: Copied (new)
2024/05/22 20:02:27 INFO  : 05-03-2024_02_51_28_PM_Billing_Report.csv: Copied (new)
2024/05/22 20:02:27 INFO  : 05-09-2023_05_30_07_PM_Billing_Report.csv: Copied (new)
2024/05/22 20:02:27 INFO  : 05-12-2023_11_25_47_AM_Billing_Report.csv: Copied (new)
2024/05/22 20:02:27 INFO  : 05-03-2024_02_39_54_PM_Billing_Report.csv: Copied (new)
2024/05/22 20:02:27 INFO  : 05-13-2024_12_53_35_PM_Billing_Report.csv: Copied (new)
2024/05/22 20:02:27 INFO  : 05-16-2023_02_24_35_PM_Billing_Report.csv: Copied (new)
2024/05/22 20:02:27 INFO  : 05-03-2024_02_49_27_PM_Billing_Report.csv: Copied (new)
2024/05/22 20:02:27 INFO  : 05-12-2023_11_10_56_AM_Billing_Report.csv: Copied (new)
2024/05/22 20:02:27 INFO  : 05-16-2023_10_33_36_AM_Billing_Report.csv: Copied (new)
2024/05/22 20:02:27 INFO  : 05-22-2023_01_07_27_PM_Billing_Report.csv: Copied (new)
2024/05/22 20:02:28 INFO  : 05-17-2024_12_40_21_PM_Billing_Report.csv: Copied (new)
2024/05/22 20:02:28 INFO  : 05-22-2023_10_44_09_AM_Billing_Report.csv: Copied (new)
2024/05/22 20:02:28 INFO  : 06-01-2023_12_31_08_PM_Billing_Report.csv: Copied (new)
2024/05/22 20:02:28 INFO  : 06-02-2023_08_06_52_PM_Billing_Report.csv: Copied (new)
2024/05/22 20:02:28 INFO  : 05-22-2023_01_06_46_PM_Billing_Report.csv: Copied (new)
2024/05/22 20:02:28 INFO  : 06-16-2023_04_42_16_PM_Billing_Report.csv: Copied (new)
2024/05/22 20:02:28 INFO  : 05-22-2023_01_05_06_PM_Billing_Report.csv: Copied (new)
2024/05/22 20:02:28 INFO  : 06-08-2023_10_58_26_AM_Billing_Report.csv: Copied (new)
2024/05/22 20:02:28 INFO  : 06-16-2023_04_43_42_PM_Billing_Report.csv: Copied (new)
2024/05/22 20:02:28 INFO  : 06-05-2023_10_50_14_AM_Billing_Report.csv: Copied (new)
2024/05/22 20:02:28 INFO  : 06-16-2023_04_42_10_PM_Billing_Report.csv: Copied (new)
2024/05/22 20:02:28 INFO  : 06-01-2023_12_31_25_PM_Billing_Report.csv: Copied (new)
2024/05/22 20:02:28 INFO  : 06-02-2023_08_08_49_PM_Billing_Report.csv: Copied (new)
2024/05/22 20:02:28 INFO  : 06-27-2023_03_32_02_PM_Billing_Report.csv: Copied (new)
2024/05/22 20:02:28 INFO  : 06-08-2023_10_13_45_AM_Billing_Report.csv: Copied (new)
2024/05/22 20:02:28 INFO  : 06-16-2023_04_44_37_PM_Billing_Report.csv: Copied (new)
2024/05/22 20:02:28 INFO  : 06-27-2023_06_22_50_PM_Billing_Report.csv: Copied (new)
2024/05/22 20:02:28 INFO  : 07-03-2023_01_22_19_PM_Billing_Report.csv: Copied (new)
2024/05/22 20:02:28 INFO  : 07-07-2023_11_21_36_AM_Billing_Report.csv: Copied (new)
2024/05/22 20:02:28 INFO  : 07-03-2023_01_24_08_PM_Billing_Report.csv: Copied (new)
2024/05/22 20:02:28 INFO  : 07-13-2023_02_14_24_PM_Billing_Report.csv: Copied (new)
2024/05/22 20:02:28 INFO  : 07-03-2023_01_38_08_PM_Billing_Report.csv: Copied (new)
2024/05/22 20:02:28 INFO  : 07-13-2023_02_15_06_PM_Billing_Report.csv: Copied (new)
2024/05/22 20:02:28 INFO  : 07-13-2023_02_14_03_PM_Billing_Report.csv: Copied (new)
2024/05/22 20:02:28 INFO  : 08-01-2023_06_25_24_PM_Billing_Report.csv: Copied (new)
2024/05/22 20:02:28 INFO  : 08-02-2023_09_21_48_AM_Billing_Report.csv: Copied (new)
2024/05/22 20:02:28 INFO  : 07-13-2023_01_16_55_PM_Billing_Report.csv: Copied (new)
2024/05/22 20:02:28 INFO  : 07-14-2023_12_55_49_PM_Billing_Report.csv: Copied (new)
2024/05/22 20:02:28 INFO  : 08-17-2023_10_16_29_AM_Billing_Report.csv: Copied (new)
2024/05/22 20:02:28 INFO  : 08-17-2023_10_19_33_AM_Billing_Report.csv: Copied (new)
2024/05/22 20:02:28 INFO  : 08-05-2023_11_57_37_AM_Billing_Report.csv: Copied (new)
2024/05/22 20:02:28 INFO  : 08-01-2023_06_26_14_PM_Billing_Report.csv: Copied (new)
2024/05/22 20:02:28 INFO  : 08-17-2023_10_21_17_AM_Billing_Report.csv: Copied (new)
2024/05/22 20:02:28 INFO  : 06-30-2023_05_48_13_PM_Billing_Report.csv: Copied (new)
2024/05/22 20:02:28 INFO  : 08-18-2023_05_27_40_PM_Billing_Report.csv: Copied (new)
2024/05/22 20:02:28 INFO  : 09-01-2023_03_18_30_PM_Billing_Report.csv: Copied (new)
2024/05/22 20:02:28 INFO  : 07-10-2023_05_08_25_PM_Billing_Report.csv: Copied (new)
2024/05/22 20:02:28 INFO  : 08-15-2023_11_22_29_AM_Billing_Report.csv: Copied (new)
2024/05/22 20:02:28 INFO  : 09-01-2023_11_15_04_AM_Billing_Report.csv: Copied (new)
2024/05/22 20:02:28 INFO  : 09-14-2023_12_25_34_PM_Billing_Report.csv: Copied (new)
2024/05/22 20:02:28 INFO  : 09-22-2023_10_11_11_AM_Billing_Report.csv: Copied (new)
2024/05/22 20:02:28 INFO  : 09-22-2023_10_15_55_AM_Billing_Report.csv: Copied (new)
2024/05/22 20:02:28 INFO  : 09-01-2023_03_19_14_PM_Billing_Report.csv: Copied (new)
2024/05/22 20:02:28 INFO  : 09-01-2023_11_24_23_AM_Billing_Report.csv: Copied (new)
2024/05/22 20:02:28 INFO  : 09-01-2023_03_43_06_PM_Billing_Report.csv: Copied (new)
2024/05/22 20:02:28 INFO  : 09-22-2023_10_19_58_AM_Billing_Report.csv: Copied (new)
2024/05/22 20:02:28 INFO  : 09-22-2023_10_07_48_AM_Billing_Report.csv: Copied (new)
2024/05/22 20:02:28 INFO  : 10-03-2023_05_45_35_PM_Billing_Report.csv: Copied (new)
2024/05/22 20:02:28 INFO  : 10-13-2023_05_08_25_PM_Billing_Report.csv: Copied (new)
2024/05/22 20:02:28 INFO  : 10-02-2023_12_21_12_PM_Billing_Report.csv: Copied (new)
2024/05/22 20:02:28 INFO  : 09-15-2023_03_01_42_PM_Billing_Report.csv: Copied (new)
2024/05/22 20:02:28 INFO  : 10-13-2023_05_23_23_PM_Billing_Report.csv: Copied (new)
2024/05/22 20:02:28 INFO  : 10-02-2023_12_30_32_PM_Billing_Report.csv: Copied (new)
2024/05/22 20:02:28 INFO  : 10-13-2023_05_15_09_PM_Billing_Report.csv: Copied (new)
2024/05/22 20:02:28 INFO  : 10-13-2023_05_28_56_PM_Billing_Report.csv: Copied (new)
2024/05/22 20:02:28 INFO  : 10-02-2023_02_28_11_PM_Billing_Report.csv: Copied (new)
2024/05/22 20:02:28 INFO  : 09-22-2023_02_49_36_PM_Billing_Report.csv: Copied (new)
2024/05/22 20:02:28 INFO  : 10-13-2023_05_32_32_PM_Billing_Report.csv: Copied (new)
2024/05/22 20:02:28 INFO  : 10-13-2023_05_40_19_PM_Billing_Report.csv: Copied (new)
2024/05/22 20:02:28 INFO  : 10-13-2023_05_36_49_PM_Billing_Report.csv: Copied (new)
2024/05/22 20:02:28 INFO  : 10-13-2023_05_46_10_PM_Billing_Report.csv: Copied (new)
2024/05/22 20:02:28 INFO  : 10-23-2023_01_18_18_PM_Billing_Report.csv: Copied (new)
2024/05/22 20:02:28 INFO  : 10-26-2023_07_06_39_PM_Billing_Report.csv: Copied (new)
2024/05/22 20:02:28 INFO  : 10-20-2023_02_08_41_PM_Billing_Report.csv: Copied (new)
2024/05/22 20:02:28 INFO  : 10-13-2023_05_50_01_PM_Billing_Report.csv: Copied (new)
2024/05/22 20:02:28 INFO  : 10-20-2023_02_58_49_PM_Billing_Report.csv: Copied (new)
2024/05/22 20:02:28 INFO  : 10-27-2023_12_19_06_PM_Billing_Report.csv: Copied (new)
2024/05/22 20:02:28 INFO  : 11-06-2023_02_14_15_PM_Billing_Report.csv: Copied (new)
2024/05/22 20:02:28 INFO  : 10-20-2023_03_02_23_PM_Billing_Report.csv: Copied (new)
2024/05/22 20:02:28 INFO  : 10-20-2023_04_24_09_PM_Billing_Report.csv: Copied (new)
2024/05/22 20:02:28 INFO  : 11-06-2023_02_21_02_PM_Billing_Report.csv: Copied (new)
2024/05/22 20:02:28 INFO  : 11-06-2023_02_28_23_PM_Billing_Report.csv: Copied (new)
2024/05/22 20:02:28 INFO  : 11-01-2023_12_26_30_PM_Billing_Report.csv: Copied (new)
2024/05/22 20:02:28 INFO  : 11-06-2023_02_28_47_PM_Billing_Report.csv: Copied (new)
2024/05/22 20:02:28 INFO  : 11-06-2023_02_24_47_PM_Billing_Report.csv: Copied (new)
2024/05/22 20:02:28 INFO  : 11-01-2023_12_02_05_PM_Billing_Report.csv: Copied (new)
2024/05/22 20:02:28 INFO  : 11-01-2023_07_30_55_PM_Billing_Report.csv: Copied (new)
2024/05/22 20:02:28 INFO  : 11-01-2023_12_03_16_PM_Billing_Report.csv: Copied (new)
2024/05/22 20:02:28 INFO  : 11-06-2023_12_51_10_PM_Billing_Report.csv: Copied (new)
2024/05/22 20:02:28 INFO  : 11-08-2023_01_35_36_PM_Billing_Report.csv: Copied (new)
2024/05/22 20:02:28 INFO  : 11-08-2023_01_53_49_PM_Billing_Report.csv: Copied (new)
2024/05/22 20:02:28 INFO  : 11-08-2023_02_11_09_PM_Billing_Report.csv: Copied (new)
2024/05/22 20:02:28 INFO  : 11-20-2023_02_21_54_PM_Billing_Report.csv: Copied (new)
2024/05/22 20:02:28 INFO  : 11-22-2023_03_04_57_PM_Billing_Report.csv: Copied (new)
2024/05/22 20:02:28 INFO  : 11-22-2023_03_09_10_PM_Billing_Report.csv: Copied (new)
2024/05/22 20:02:28 INFO  : 11-08-2023_11_02_16_AM_Billing_Report.csv: Copied (new)
2024/05/22 20:02:28 INFO  : 11-20-2023_10_46_05_AM_Billing_Report.csv: Copied (new)
2024/05/22 20:02:28 INFO  : 12-04-2023_12_35_14_PM_Billing_Report.csv: Copied (new)
2024/05/22 20:02:28 INFO  : 12-04-2023_12_35_50_PM_Billing_Report.csv: Copied (new)
2024/05/22 20:02:28 INFO  : 11-14-2023_02_15_20_PM_Billing_Report.csv: Copied (new)
2024/05/22 20:02:28 INFO  : 11-06-2023_02_31_41_PM_Billing_Report.csv: Copied (new)
2024/05/22 20:02:28 INFO  : 12-14-2022_03_48_48_PM_Billing_Report.csv: Copied (new)
2024/05/22 20:02:28 INFO  : 12-13-2023_03_42_30_PM_Billing_Report.csv: Copied (new)
2024/05/22 20:02:28 INFO  : 11-22-2023_03_06_18_PM_Billing_Report.csv: Copied (new)
2024/05/22 20:02:28 INFO  : 12-15-2022_03_13_59_PM_Billing_Report.csv: Copied (new)
2024/05/22 20:02:28 INFO  : 12-15-2022_03_19_02_PM_Billing_Report.csv: Copied (new)
2024/05/22 20:02:28 INFO  : 12-04-2023_02_18_36_PM_Billing_Report.csv: Copied (new)
2024/05/22 20:02:28 INFO  : 12-15-2022_03_18_42_PM_Billing_Report.csv: Copied (new)
2024/05/22 20:02:28 INFO  : 12-14-2022_03_48_01_PM_Billing_Report.csv: Copied (new)
2024/05/22 20:02:28 INFO  : 12-15-2022_03_32_05_PM_Billing_Report.csv: Copied (new)
2024/05/22 20:02:28 INFO  : 11-22-2023_10_47_26_AM_Billing_Report.csv: Copied (new)
2024/05/22 20:02:28 INFO  : 12-15-2022_03_34_21_PM_Billing_Report.csv: Copied (new)
2024/05/22 20:02:28 INFO  : 12-12-2022_04_59_37_PM_Billing_Report.csv: Copied (new)
2024/05/22 20:02:28 INFO  : 12-15-2022_03_34_47_PM_Billing_Report.csv: Copied (new)
2024/05/22 20:02:28 INFO  : 12-13-2022_11_25_36_PM_Billing_Report.csv: Copied (new)
2024/05/22 20:02:28 INFO  : 12-16-2022_03_49_04_PM_Billing_Report.csv: Copied (new)
2024/05/22 20:02:28 INFO  : 12-20-2022_12_44_07_AM_Billing_Report.csv: Copied (new)
2024/05/22 20:02:28 INFO  : 12-22-2022_05_29_33_PM_Billing_Report.csv: Copied (new)
2024/05/22 20:02:28 INFO  : 12-22-2023_10_30_37_AM_Billing_Report.csv: Copied (new)
2024/05/22 20:02:28 INFO  : 12-20-2022_02_27_00_PM_Billing_Report.csv: Copied (new)
2024/05/22 20:02:28 INFO  : 12-20-2022_12_46_49_AM_Billing_Report.csv: Copied (new)
2024/05/22 20:02:28 INFO  : 12-26-2022_09_20_25_PM_Billing_Report.csv: Copied (new)
2024/05/22 20:02:28 INFO  : 12-21-2022_11_30_20_PM_Billing_Report.csv: Copied (new)
2024/05/22 20:02:28 INFO  : 12-22-2022_05_29_07_PM_Billing_Report.csv: Copied (new)
2024/05/22 20:02:28 INFO  : 12-28-2022_10_53_32_PM_Billing_Report.csv: Copied (new)
2024/05/22 20:02:28 INFO  : 12-22-2022_04_22_13_PM_Billing_Report.csv: Copied (new)
2024/05/22 20:02:28 INFO  : 12-22-2022_05_28_38_PM_Billing_Report.csv: Copied (new)
2024/05/22 20:02:28 INFO  : 12-22-2022_04_43_23_PM_Billing_Report.csv: Copied (new)
2024/05/22 20:02:28 INFO  : 12-29-2022_08_04_23_PM_Billing_Report.csv: Copied (new)
2024/05/22 20:02:29 INFO  : 12-29-2022_08_05_22_PM_Billing_Report.csv: Copied (new)
2024/05/22 20:02:29 INFO  : 12-26-2023_04_10_44_PM_Billing_Report.csv: Copied (new)
2024/05/22 20:02:29 INFO  : 12-22-2022_05_28_57_PM_Billing_Report.csv: Copied (new)
2024/05/22 20:02:29 INFO  : 12-29-2022_08_07_03_PM_Billing_Report.csv: Copied (new)
2024/05/22 20:02:29 INFO  : 12-27-2022_04_07_27_PM_Billing_Report.csv: Copied (new)
2024/05/22 20:02:29 INFO  : 12-29-2022_07_51_09_PM_Billing_Report.csv: Copied (new)
2024/05/22 20:02:29 INFO  : 12-29-2022_08_08_46_PM_Billing_Report.csv: Copied (new)
2024/05/22 20:02:29 INFO  : 12-20-2022_02_33_32_PM_Billing_Report.csv: Copied (new)
2024/05/22 20:02:29 INFO  : 12-29-2022_08_13_07_PM_Billing_Report.csv: Copied (new)
2024/05/22 20:02:29 INFO  : 12-28-2022_10_56_21_PM_Billing_Report.csv: Copied (new)
2024/05/22 20:02:29 INFO  : 12-29-2022_08_12_48_PM_Billing_Report.csv: Copied (new)
2024/05/22 20:02:29 INFO  : 12-29-2022_08_11_56_PM_Billing_Report.csv: Copied (new)
2024/05/22 20:02:29 INFO  : 12-29-2022_08_15_51_PM_Billing_Report.csv: Copied (new)
2024/05/22 20:02:29 INFO  : 12-29-2022_08_14_59_PM_Billing_Report.csv: Copied (new)
2024/05/22 20:02:29 INFO  : 12-20-2022_03_53_15_PM_Billing_Report.csv: Copied (new)
2024/05/22 20:02:29 INFO  : 12-29-2022_08_19_19_PM_Billing_Report.csv: Copied (new)
2024/05/22 20:02:29 INFO  : 12-29-2022_09_25_47_PM_Billing_Report.csv: Copied (new)
2024/05/22 20:02:29 INFO  : 12-30-2022_07_32_22_PM_Billing_Report.csv: Copied (new)
2024/05/22 20:02:29 INFO  : 12-30-2022_07_43_09_PM_Billing_Report.csv: Copied (new)
2024/05/22 20:02:29 INFO  : 12-29-2022_08_19_56_PM_Billing_Report.csv: Copied (new)
2024/05/22 20:02:29 INFO  : 12-30-2022_11_17_51_PM_Billing_Report.csv: Copied (new)
2024/05/22 20:02:29 INFO  : 14448784275711444878427571Surgeon_custom_reports_payments_report.xls: Copied (new)
2024/05/22 20:02:29 INFO  : 12-30-2022_07_26_48_PM_Billing_Report.csv: Copied (new)
2024/05/22 20:02:29 INFO  : 1666285968119 _Billing_Report.csv: Copied (new)
2024/05/22 20:02:29 INFO  : 1666129569401 _Billing_Report.csv: Copied (new)
2024/05/22 20:02:29 INFO  : 1666285577477 _Billing_Report.csv: Copied (new)
2024/05/22 20:02:29 INFO  : 1666646207386 _Billing_Report.csv: Copied (new)
2024/05/22 20:02:29 INFO  : 1666645287718 _Billing_Report.csv: Copied (new)
2024/05/22 20:02:29 INFO  : 1666372331987 _Billing_Report.csv: Copied (new)
2024/05/22 20:02:29 INFO  : 12-31-2023_07_58_13_PM_Billing_Report.csv: Copied (new)
2024/05/22 20:02:29 INFO  : 12-30-2022_07_44_04_PM_Billing_Report.csv: Copied (new)
2024/05/22 20:02:29 INFO  : 12-29-2022_09_42_34_PM_Billing_Report.csv: Copied (new)
2024/05/22 20:02:29 INFO  : 12-30-2022_09_09_22_PM_Billing_Report.csv: Copied (new)
2024/05/22 20:02:29 INFO  : 1666791208074 _Billing_Report.csv: Copied (new)
2024/05/22 20:02:29 INFO  : 1657077851908credentialing_byuser2.pdf: Copied (new)
2024/05/22 20:02:29 INFO  : 12-30-2022_10_32_20_PM_Billing_Report.csv: Copied (new)
2024/05/22 20:02:29 INFO  : 1666791552161 _Billing_Report.csv: Copied (new)
2024/05/22 20:02:29 INFO  : 1666791239227 _Billing_Report.csv: Copied (new)
2024/05/22 20:02:29 INFO  : 1666791524145 _Billing_Report.csv: Copied (new)
2024/05/22 20:02:29 INFO  : 1667318584033 _Billing_Report.csv: Copied (new)
2024/05/22 20:02:29 INFO  : 1666791270288 _Billing_Report.csv: Copied (new)
2024/05/22 20:02:29 INFO  : 1667320062253 _Billing_Report.csv: Copied (new)
2024/05/22 20:02:29 INFO  : 1667411624428 _Billing_Report.csv: Copied (new)
2024/05/22 20:02:29 INFO  : 1666626003980 _Billing_Report.csv: Copied (new)
2024/05/22 20:02:29 INFO  : 1667412279868 _Billing_Report.csv: Copied (new)
2024/05/22 20:02:29 INFO  : 1667415844696 _Billing_Report.csv: Copied (new)
2024/05/22 20:02:29 INFO  : 1667410853806 _Billing_Report.csv: Copied (new)
2024/05/22 20:02:29 INFO  : 1667417053594 _Billing_Report.csv: Copied (new)
2024/05/22 20:02:29 INFO  : 1667417967417 _Billing_Report.csv: Copied (new)
2024/05/22 20:02:29 INFO  : 1667416798609 _Billing_Report.csv: Copied (new)
2024/05/22 20:02:29 INFO  : 1667411957623 _Billing_Report.csv: Copied (new)
2024/05/22 20:02:29 INFO  : 1667856114867 _Billing_Report.csv: Copied (new)
2024/05/22 20:02:29 INFO  : 1667596220765 _Billing_Report.csv: Copied (new)
2024/05/22 20:02:29 INFO  : 1667856214460 _Billing_Report.csv: Copied (new)
2024/05/22 20:02:29 INFO  : 1667856407598 _Billing_Report.csv: Copied (new)
2024/05/22 20:02:29 INFO  : 1667856540669 _Billing_Report.csv: Copied (new)
2024/05/22 20:02:29 INFO  : 1667415454135 _Billing_Report.csv: Copied (new)
2024/05/22 20:02:29 INFO  : 1667416476871 _Billing_Report.csv: Copied (new)
2024/05/22 20:02:29 INFO  : 1667417689113 _Billing_Report.csv: Copied (new)
2024/05/22 20:02:29 INFO  : 1667417385693 _Billing_Report.csv: Copied (new)
2024/05/22 20:02:29 INFO  : 1667416166232 _Billing_Report.csv: Copied (new)
2024/05/22 20:02:29 INFO  : 1667856617325 _Billing_Report.csv: Copied (new)
2024/05/22 20:02:29 INFO  : 1667856624732 _Billing_Report.csv: Copied (new)
2024/05/22 20:02:29 INFO  : 16680225641171668022564117Surgeon_custom_reports_payments_report.xls: Copied (new)
2024/05/22 20:02:29 INFO  : 1667856030222 _Billing_Report.csv: Copied (new)
2024/05/22 20:02:29 INFO  : 1668025706163 _Billing_Report.csv: Copied (new)
2024/05/22 20:02:29 INFO  : 1668785317381 _Billing_Report.csv: Copied (new)
2024/05/22 20:02:29 INFO  : 1668785351384 _Billing_Report.csv: Copied (new)
2024/05/22 20:02:29 INFO  : 1668785329970 _Billing_Report.csv: Copied (new)
2024/05/22 20:02:29 INFO  : 1668633944176 _Billing_Report.csv: Copied (new)
2024/05/22 20:02:29 INFO  : 1668113849039 _Billing_Report.csv: Copied (new)
2024/05/22 20:02:29 INFO  : 1668785368048 _Billing_Report.csv: Copied (new)
2024/05/22 20:02:29 INFO  : 1668785344444 _Billing_Report.csv: Copied (new)
2024/05/22 20:02:29 INFO  : 1668634164850 _Billing_Report.csv: Copied (new)
2024/05/22 20:02:29 INFO  : 1668785360412 _Billing_Report.csv: Copied (new)
2024/05/22 20:02:29 INFO  : 1668785300472 _Billing_Report.csv: Copied (new)
2024/05/22 20:02:29 INFO  : 1668543359163 _Billing_Report.csv: Copied (new)
2024/05/22 20:02:29 INFO  : 1668785482785 _Billing_Report.csv: Copied (new)
2024/05/22 20:02:29 INFO  : 1668785475399 _Billing_Report.csv: Copied (new)
2024/05/22 20:02:29 INFO  : 1668543615186 _Billing_Report.csv: Copied (new)
2024/05/22 20:02:29 INFO  : 1668785637456 _Billing_Report.csv: Copied (new)
2024/05/22 20:02:29 INFO  : 1668785658625 _Billing_Report.csv: Copied (new)
2024/05/22 20:02:29 INFO  : 1668785673429 _Billing_Report.csv: Copied (new)
2024/05/22 20:02:29 INFO  : 1668785687013 _Billing_Report.csv: Copied (new)
2024/05/22 20:02:29 INFO  : 1668785666013 _Billing_Report.csv: Copied (new)
2024/05/22 20:02:29 INFO  : 1668785814666 _Billing_Report.csv: Copied (new)
2024/05/22 20:02:29 INFO  : 1668785648842 _Billing_Report.csv: Copied (new)
2024/05/22 20:02:29 INFO  : 1668785828248 _Billing_Report.csv: Copied (new)
2024/05/22 20:02:29 INFO  : 1668785704086 _Billing_Report.csv: Copied (new)
2024/05/22 20:02:29 INFO  : 1668785713328 _Billing_Report.csv: Copied (new)
2024/05/22 20:02:29 INFO  : 1668785807875 _Billing_Report.csv: Copied (new)
2024/05/22 20:02:29 INFO  : 1668785846711 _Billing_Report.csv: Copied (new)
2024/05/22 20:02:29 INFO  : 1668785679299 _Billing_Report.csv: Copied (new)
2024/05/22 20:02:29 INFO  : 1668785801556 _Billing_Report.csv: Copied (new)
2024/05/22 20:02:29 INFO  : 1668785821880 _Billing_Report.csv: Copied (new)
2024/05/22 20:02:29 INFO  : 1668785835092 _Billing_Report.csv: Copied (new)
2024/05/22 20:02:29 INFO  : 1669077664049 _Billing_Report.csv: Copied (new)
2024/05/22 20:02:29 INFO  : 1668785852757 _Billing_Report.csv: Copied (new)
2024/05/22 20:02:29 INFO  : 1668785840914 _Billing_Report.csv: Copied (new)
2024/05/22 20:02:29 INFO  : 1669077762235 _Billing_Report.csv: Copied (new)
2024/05/22 20:02:29 INFO  : 1669077812500 _Billing_Report.csv: Copied (new)
2024/05/22 20:02:29 INFO  : 1669078142345 _Billing_Report.csv: Copied (new)
2024/05/22 20:02:29 INFO  : 1669078140798 _Billing_Report.csv: Copied (new)
2024/05/22 20:02:29 INFO  : 1669078079018 _Billing_Report.csv: Copied (new)
2024/05/22 20:02:29 INFO  : 1669648740424 _Billing_Report.csv: Copied (new)
2024/05/22 20:02:29 INFO  : 1669230904892 _Billing_Report.csv: Copied (new)
2024/05/22 20:02:29 INFO  : 1669079849790 _Billing_Report.csv: Copied (new)
2024/05/22 20:02:29 INFO  : 1669648761283 _Billing_Report.csv: Copied (new)
2024/05/22 20:02:29 INFO  : 1669079759093 _Billing_Report.csv: Copied (new)
2024/05/22 20:02:29 INFO  : 1669079816830 _Billing_Report.csv: Copied (new)
2024/05/22 20:02:29 INFO  : 1669078465171 _Billing_Report.csv: Copied (new)
2024/05/22 20:02:29 INFO  : 1669079724863 _Billing_Report.csv: Copied (new)
2024/05/22 20:02:29 INFO  : 1669654443596 _Billing_Report.csv: Copied (new)
2024/05/22 20:02:29 INFO  : 1669079881361 _Billing_Report.csv: Copied (new)
2024/05/22 20:02:29 INFO  : 1669078061936 _Billing_Report.csv: Copied (new)
2024/05/22 20:02:29 INFO  : 1669738638897 _Billing_Report.csv: Copied (new)
2024/05/22 20:02:29 INFO  : 1669849137824 _Billing_Report.csv: Copied (new)
2024/05/22 20:02:29 INFO  : 1669078039439 _Billing_Report.csv: Copied (new)
2024/05/22 20:02:29 INFO  : 16699141910741669914191074Surgeon_custom_reports_payments_report.xls: Copied (new)
2024/05/22 20:02:29 INFO  : 1669914396270 _Billing_Report.csv: Copied (new)
2024/05/22 20:02:29 INFO  : 1670013114835 _Billing_Report.csv: Copied (new)
2024/05/22 20:02:29 INFO  : 16699135324991669913532499Surgeon_custom_reports_payments_report.xls: Copied (new)
2024/05/22 20:02:30 INFO  : 1670018097701 _Billing_Report.csv: Copied (new)
2024/05/22 20:02:30 INFO  : 1669912846703 _Billing_Report.csv: Copied (new)
2024/05/22 20:02:30 INFO  : 1670343343582 _Billing_Report.csv: Copied (new)
2024/05/22 20:02:30 INFO  : 1669912732525 _Billing_Report.csv: Copied (new)
2024/05/22 20:02:30 INFO  : 1670343303611 _Billing_Report.csv: Copied (new)
2024/05/22 20:02:30 INFO  : 1670010811838 _Billing_Report.csv: Copied (new)
2024/05/22 20:02:30 INFO  : 1670598773603 _Billing_Report.csv: Copied (new)
2024/05/22 20:02:30 INFO  : 1670603389408 _Billing_Report.csv: Copied (new)
2024/05/22 20:02:30 INFO  : 1670424668397 _Billing_Report.csv: Copied (new)
2024/05/22 20:02:30 INFO  : 1670627811570 _Billing_Report.csv: Copied (new)
2024/05/22 20:02:30 INFO  : 1670627757343 _Billing_Report.csv: Copied (new)
2024/05/22 20:02:30 INFO  : 1670018077797 _Billing_Report.csv: Copied (new)
2024/05/22 20:02:30 INFO  : 1670343351596 _Billing_Report.csv: Copied (new)
2024/05/22 20:02:30 INFO  : 1670627975379 _Billing_Report.csv: Copied (new)
2024/05/22 20:02:30 INFO  : 16711171889211671117188921Surgeon_custom_reports_payments_report.xls: Copied (new)
2024/05/22 20:02:30 INFO  : 1670598730191 _Billing_Report.csv: Copied (new)
2024/05/22 20:02:30 INFO  : 1670627937421 _Billing_Report.csv: Copied (new)
2024/05/22 20:02:30 INFO  : 16832159816821683215981682Surgeon_custom_reports_payments_report.xls: Copied (new)
2024/05/22 20:02:30 INFO  : 16892601546061689260154606Surgeon_custom_reports_payments_report.xls: Copied (new)
2024/05/22 20:02:30 INFO  : 17048335770671704833577067Surgeon_custom_reports_payments_report.xls: Copied (new)
2024/05/22 20:02:30 INFO  : 1670627986076 _Billing_Report.csv: Copied (new)
2024/05/22 20:02:30 INFO  : 17050819535531705081953553Surgeon_custom_reports_payments_report.xls: Copied (new)
2024/05/22 20:02:30 INFO  : 17020189319181702018931918Surgeon_custom_reports_payments_report.xls: Copied (new)
2024/05/22 20:02:30 INFO  : pto/16684783908201_Fees.xlsx: Copied (new)
2024/05/22 20:02:30 INFO  : 1669078039720 _Billing_Report.csv: Copied (new)
2024/05/22 20:02:30 INFO  : 
Transferred:   	   54.668 MiB / 54.668 MiB, 100%, 13.232 MiB/s, ETA 0s
Transferred:          442 / 442, 100%
Elapsed time:         5.7s

